apollo thirdparty opencv-4.4.0.tar.gz	bb95acd849e458be7f7024d17968568d1ccd2f0681d47fd60d34ffb4b8c52563	https://github.com/opencv/opencv/archive/4.4.0.tar.gz
apollo thirdparty opencv-4.4.0.tar.gz	bb95acd849e458be7f7024d17968568d1ccd2f0681d47fd60d34ffb4b8c52563	https://github.com/opencv/opencv/archive/4.4.0.tar.gz
apollo thirdparty opencv-4.4.0.tar.gz	bb95acd849e458be7f7024d17968568d1ccd2f0681d47fd60d34ffb4b8c52563	https://github.com/opencv/opencv/archive/4.4.0.tar.gz
apollo thirdparty opencv-4.4.0.tar.gz	bb95acd849e458be7f7024d17968568d1ccd2f0681d47fd60d34ffb4b8c52563	https://github.com/opencv/opencv/archive/4.4.0.tar.gz
apollo thirdparty opencv-4.4.0.tar.gz	bb95acd849e458be7f7024d17968568d1ccd2f0681d47fd60d34ffb4b8c52563	https://github.com/opencv/opencv/archive/4.4.0.tar.gz
apollo thirdparty opencv-4.4.0.tar.gz	bb95acd849e458be7f7024d17968568d1ccd2f0681d47fd60d34ffb4b8c52563	https://github.com/opencv/opencv/archive/4.4.0.tar.gz
apollo thirdparty opencv-4.4.0.tar.gz	bb95acd849e458be7f7024d17968568d1ccd2f0681d47fd60d34ffb4b8c52563	https://github.com/opencv/opencv/archive/4.4.0.tar.gz
apollo thirdparty opencv-4.4.0.tar.gz	bb95acd849e458be7f7024d17968568d1ccd2f0681d47fd60d34ffb4b8c52563	https://github.com/opencv/opencv/archive/4.4.0.tar.gz
apollo thirdparty opencv-4.4.0.tar.gz	bb95acd849e458be7f7024d17968568d1ccd2f0681d47fd60d34ffb4b8c52563	https://github.com/opencv/opencv/archive/4.4.0.tar.gz
apollo thirdparty opencv-4.4.0.tar.gz	bb95acd849e458be7f7024d17968568d1ccd2f0681d47fd60d34ffb4b8c52563	https://github.com/opencv/opencv/archive/4.4.0.tar.gz
apollo thirdparty opencv-4.4.0.tar.gz	bb95acd849e458be7f7024d17968568d1ccd2f0681d47fd60d34ffb4b8c52563	https://github.com/opencv/opencv/archive/4.4.0.tar.gz
apollo thirdparty opencv-4.4.0.tar.gz	bb95acd849e458be7f7024d17968568d1ccd2f0681d47fd60d34ffb4b8c52563	https://github.com/opencv/opencv/archive/4.4.0.tar.gz
apollo thirdparty opencv-4.4.0.tar.gz	bb95acd849e458be7f7024d17968568d1ccd2f0681d47fd60d34ffb4b8c52563	https://github.com/opencv/opencv/archive/4.4.0.tar.gz
apollo thirdparty opencv-4.4.0.tar.gz	bb95acd849e458be7f7024d17968568d1ccd2f0681d47fd60d34ffb4b8c52563	https://github.com/opencv/opencv/archive/4.4.0.tar.gz
apollo thirdparty opencv-4.4.0.tar.gz	bb95acd849e458be7f7024d17968568d1ccd2f0681d47fd60d34ffb4b8c52563	https://github.com/opencv/opencv/archive/4.4.0.tar.gz
apollo thirdparty opencv-4.4.0.tar.gz	bb95acd849e458be7f7024d17968568d1ccd2f0681d47fd60d34ffb4b8c52563	https://github.com/opencv/opencv/archive/4.4.0.tar.gz
apollo thirdparty opencv-4.4.0.tar.gz	bb95acd849e458be7f7024d17968568d1ccd2f0681d47fd60d34ffb4b8c52563	https://github.com/opencv/opencv/archive/4.4.0.tar.gz
apollo thirdparty opencv-4.4.0.tar.gz	bb95acd849e458be7f7024d17968568d1ccd2f0681d47fd60d34ffb4b8c52563	https://github.com/opencv/opencv/archive/4.4.0.tar.gz
apollo thirdparty opencv-4.4.0.tar.gz	bb95acd849e458be7f7024d17968568d1ccd2f0681d47fd60d34ffb4b8c52563	https://github.com/opencv/opencv/archive/4.4.0.tar.gz
apollo thirdparty opencv-4.4.0.tar.gz	bb95acd849e458be7f7024d17968568d1ccd2f0681d47fd60d34ffb4b8c52563	https://github.com/opencv/opencv/archive/4.4.0.tar.gz
apollo thirdparty opencv-4.4.0.tar.gz	bb95acd849e458be7f7024d17968568d1ccd2f0681d47fd60d34ffb4b8c52563	https://github.com/opencv/opencv/archive/4.4.0.tar.gz
apollo thirdparty opencv-4.4.0.tar.gz	bb95acd849e458be7f7024d17968568d1ccd2f0681d47fd60d34ffb4b8c52563	https://github.com/opencv/opencv/archive/4.4.0.tar.gz
apollo thirdparty opencv-4.4.0.tar.gz	bb95acd849e458be7f7024d17968568d1ccd2f0681d47fd60d34ffb4b8c52563	https://github.com/opencv/opencv/archive/4.4.0.tar.gz
apollo thirdparty opencv-4.4.0.tar.gz	bb95acd849e458be7f7024d17968568d1ccd2f0681d47fd60d34ffb4b8c52563	https://github.com/opencv/opencv/archive/4.4.0.tar.gz
apollo thirdparty opencv-4.4.0.tar.gz	bb95acd849e458be7f7024d17968568d1ccd2f0681d47fd60d34ffb4b8c52563	https://github.com/opencv/opencv/archive/4.4.0.tar.gz
apollo thirdparty opencv-4.4.0.tar.gz	bb95acd849e458be7f7024d17968568d1ccd2f0681d47fd60d34ffb4b8c52563	https://github.com/opencv/opencv/archive/4.4.0.tar.gz
apollo thirdparty opencv-4.4.0.tar.gz	bb95acd849e458be7f7024d17968568d1ccd2f0681d47fd60d34ffb4b8c52563	https://github.com/opencv/opencv/archive/4.4.0.tar.gz
apollo thirdparty opencv-4.4.0.tar.gz	bb95acd849e458be7f7024d17968568d1ccd2f0681d47fd60d34ffb4b8c52563	https://github.com/opencv/opencv/archive/4.4.0.tar.gz
apollo thirdparty opencv-4.4.0.tar.gz	bb95acd849e458be7f7024d17968568d1ccd2f0681d47fd60d34ffb4b8c52563	https://github.com/opencv/opencv/archive/4.4.0.tar.gz
apollo thirdparty opencv-4.4.0.tar.gz	bb95acd849e458be7f7024d17968568d1ccd2f0681d47fd60d34ffb4b8c52563	https://github.com/opencv/opencv/archive/4.4.0.tar.gz
apollo thirdparty opencv-4.4.0.tar.gz	bb95acd849e458be7f7024d17968568d1ccd2f0681d47fd60d34ffb4b8c52563	https://github.com/opencv/opencv/archive/4.4.0.tar.gz
apollo thirdparty opencv-4.4.0.tar.gz	bb95acd849e458be7f7024d17968568d1ccd2f0681d47fd60d34ffb4b8c52563	https://github.com/opencv/opencv/archive/4.4.0.tar.gz
apollo thirdparty opencv-4.4.0.tar.gz	bb95acd849e458be7f7024d17968568d1ccd2f0681d47fd60d34ffb4b8c52563	https://github.com/opencv/opencv/archive/4.4.0.tar.gz
apollo thirdparty opencv-4.4.0.tar.gz	bb95acd849e458be7f7024d17968568d1ccd2f0681d47fd60d34ffb4b8c52563	https://github.com/opencv/opencv/archive/4.4.0.tar.gz
apollo thirdparty opencv-4.4.0.tar.gz	bb95acd849e458be7f7024d17968568d1ccd2f0681d47fd60d34ffb4b8c52563	https://github.com/opencv/opencv/archive/4.4.0.tar.gz
apollo thirdparty opencv-4.4.0.tar.gz	bb95acd849e458be7f7024d17968568d1ccd2f0681d47fd60d34ffb4b8c52563	https://github.com/opencv/opencv/archive/4.4.0.tar.gz
apollo thirdparty opencv-4.4.0.tar.gz	bb95acd849e458be7f7024d17968568d1ccd2f0681d47fd60d34ffb4b8c52563	https://github.com/opencv/opencv/archive/4.4.0.tar.gz
apollo thirdparty opencv-4.4.0.tar.gz	bb95acd849e458be7f7024d17968568d1ccd2f0681d47fd60d34ffb4b8c52563	https://github.com/opencv/opencv/archive/4.4.0.tar.gz
apollo thirdparty opencv-4.4.0.tar.gz	bb95acd849e458be7f7024d17968568d1ccd2f0681d47fd60d34ffb4b8c52563	https://github.com/opencv/opencv/archive/4.4.0.tar.gz
apollo thirdparty opencv-4.4.0.tar.gz	bb95acd849e458be7f7024d17968568d1ccd2f0681d47fd60d34ffb4b8c52563	https://github.com/opencv/opencv/archive/4.4.0.tar.gz
apollo thirdparty opencv-4.4.0.tar.gz	bb95acd849e458be7f7024d17968568d1ccd2f0681d47fd60d34ffb4b8c52563	https://github.com/opencv/opencv/archive/4.4.0.tar.gz
apollo thirdparty opencv-4.4.0.tar.gz	bb95acd849e458be7f7024d17968568d1ccd2f0681d47fd60d34ffb4b8c52563	https://github.com/opencv/opencv/archive/4.4.0.tar.gz
apollo thirdparty opencv-4.4.0.tar.gz	bb95acd849e458be7f7024d17968568d1ccd2f0681d47fd60d34ffb4b8c52563	https://github.com/opencv/opencv/archive/4.4.0.tar.gz
apollo thirdparty opencv-4.4.0.tar.gz	bb95acd849e458be7f7024d17968568d1ccd2f0681d47fd60d34ffb4b8c52563	https://github.com/opencv/opencv/archive/4.4.0.tar.gz
apollo thirdparty opencv-4.4.0.tar.gz	bb95acd849e458be7f7024d17968568d1ccd2f0681d47fd60d34ffb4b8c52563	https://github.com/opencv/opencv/archive/4.4.0.tar.gz
apollo thirdparty opencv-4.4.0.tar.gz	bb95acd849e458be7f7024d17968568d1ccd2f0681d47fd60d34ffb4b8c52563	https://github.com/opencv/opencv/archive/4.4.0.tar.gz
apollo thirdparty opencv-4.4.0.tar.gz	bb95acd849e458be7f7024d17968568d1ccd2f0681d47fd60d34ffb4b8c52563	https://github.com/opencv/opencv/archive/4.4.0.tar.gz
apollo thirdparty opencv-4.4.0.tar.gz	bb95acd849e458be7f7024d17968568d1ccd2f0681d47fd60d34ffb4b8c52563	https://github.com/opencv/opencv/archive/4.4.0.tar.gz
apollo thirdparty opencv-4.4.0.tar.gz	bb95acd849e458be7f7024d17968568d1ccd2f0681d47fd60d34ffb4b8c52563	https://github.com/opencv/opencv/archive/4.4.0.tar.gz
apollo thirdparty opencv-4.4.0.tar.gz	bb95acd849e458be7f7024d17968568d1ccd2f0681d47fd60d34ffb4b8c52563	https://github.com/opencv/opencv/archive/4.4.0.tar.gz
apollo thirdparty opencv-4.4.0.tar.gz	bb95acd849e458be7f7024d17968568d1ccd2f0681d47fd60d34ffb4b8c52563	https://github.com/opencv/opencv/archive/4.4.0.tar.gz
apollo thirdparty opencv-4.4.0.tar.gz	bb95acd849e458be7f7024d17968568d1ccd2f0681d47fd60d34ffb4b8c52563	https://github.com/opencv/opencv/archive/4.4.0.tar.gz
apollo thirdparty boost_1_74_0.tar.bz2	83bfc1507731a0906e387fc28b7ef5417d591429e51e788417fe9ff025e116b1	https://dl.bintray.com/boostorg/release/1.74.0/source/boost_1_74_0.tar.bz2
apollo thirdparty boost_1_74_0.tar.bz2	83bfc1507731a0906e387fc28b7ef5417d591429e51e788417fe9ff025e116b1	https://dl.bintray.com/boostorg/release/1.74.0/source/boost_1_74_0.tar.bz2
apollo thirdparty boost_1_74_0.tar.bz2	83bfc1507731a0906e387fc28b7ef5417d591429e51e788417fe9ff025e116b1	https://dl.bintray.com/boostorg/release/1.74.0/source/boost_1_74_0.tar.bz2
apollo thirdparty boost_1_74_0.tar.bz2	83bfc1507731a0906e387fc28b7ef5417d591429e51e788417fe9ff025e116b1	https://dl.bintray.com/boostorg/release/1.74.0/source/boost_1_74_0.tar.bz2
apollo thirdparty fast-rtps-1.5.0-1.prebuilt.x86_64.tar.gz	7f6cd1bee91f3c08149013b3d0d5ff46290fbed17b13a584fe8625d7553f603d	https://apollo-system.cdn.bcebos.com/archive/6.0/fast-rtps-1.5.0-1.prebuilt.x86_64.tar.gz
apollo thirdparty fast-rtps-1.5.0-1.prebuilt.x86_64.tar.gz	7f6cd1bee91f3c08149013b3d0d5ff46290fbed17b13a584fe8625d7553f603d	https://apollo-system.cdn.bcebos.com/archive/6.0/fast-rtps-1.5.0-1.prebuilt.x86_64.tar.gz
apollo thirdparty fast-rtps-1.5.0-1.prebuilt.x86_64.tar.gz	7f6cd1bee91f3c08149013b3d0d5ff46290fbed17b13a584fe8625d7553f603d	https://apollo-system.cdn.bcebos.com/archive/6.0/fast-rtps-1.5.0-1.prebuilt.x86_64.tar.gz
apollo thirdparty fast-rtps-1.5.0-1.prebuilt.x86_64.tar.gz	7f6cd1bee91f3c08149013b3d0d5ff46290fbed17b13a584fe8625d7553f603d	https://apollo-system.cdn.bcebos.com/archive/6.0/fast-rtps-1.5.0-1.prebuilt.x86_64.tar.gz
apollo thirdparty boost_1_74_0.tar.bz2	83bfc1507731a0906e387fc28b7ef5417d591429e51e788417fe9ff025e116b1	https://dl.bintray.com/boostorg/release/1.74.0/source/boost_1_74_0.tar.bz2
apollo thirdparty boost_1_74_0.tar.bz2	83bfc1507731a0906e387fc28b7ef5417d591429e51e788417fe9ff025e116b1	https://dl.bintray.com/boostorg/release/1.74.0/source/boost_1_74_0.tar.bz2
apollo thirdparty fast-rtps-1.5.0-1.prebuilt.x86_64.tar.gz	7f6cd1bee91f3c08149013b3d0d5ff46290fbed17b13a584fe8625d7553f603d	https://apollo-system.cdn.bcebos.com/archive/6.0/fast-rtps-1.5.0-1.prebuilt.x86_64.tar.gz
apollo thirdparty fast-rtps-1.5.0-1.prebuilt.x86_64.tar.gz	7f6cd1bee91f3c08149013b3d0d5ff46290fbed17b13a584fe8625d7553f603d	https://apollo-system.cdn.bcebos.com/archive/6.0/fast-rtps-1.5.0-1.prebuilt.x86_64.tar.gz
apollo thirdparty fast-rtps-1.5.0-1.prebuilt.x86_64.tar.gz	7f6cd1bee91f3c08149013b3d0d5ff46290fbed17b13a584fe8625d7553f603d	https://apollo-system.cdn.bcebos.com/archive/6.0/fast-rtps-1.5.0-1.prebuilt.x86_64.tar.gz
apollo thirdparty fast-rtps-1.5.0-1.prebuilt.x86_64.tar.gz	7f6cd1bee91f3c08149013b3d0d5ff46290fbed17b13a584fe8625d7553f603d	https://apollo-system.cdn.bcebos.com/archive/6.0/fast-rtps-1.5.0-1.prebuilt.x86_64.tar.gz
apollo thirdparty fast-rtps-1.5.0-1.prebuilt.x86_64.tar.gz	7f6cd1bee91f3c08149013b3d0d5ff46290fbed17b13a584fe8625d7553f603d	https://apollo-system.cdn.bcebos.com/archive/6.0/fast-rtps-1.5.0-1.prebuilt.x86_64.tar.gz
apollo thirdparty fast-rtps-1.5.0-1.prebuilt.x86_64.tar.gz	7f6cd1bee91f3c08149013b3d0d5ff46290fbed17b13a584fe8625d7553f603d	https://apollo-system.cdn.bcebos.com/archive/6.0/fast-rtps-1.5.0-1.prebuilt.x86_64.tar.gz
apollo thirdparty fast-rtps-1.5.0-1.prebuilt.x86_64.tar.gz	7f6cd1bee91f3c08149013b3d0d5ff46290fbed17b13a584fe8625d7553f603d	https://apollo-system.cdn.bcebos.com/archive/6.0/fast-rtps-1.5.0-1.prebuilt.x86_64.tar.gz
apollo thirdparty fast-rtps-1.5.0-1.prebuilt.x86_64.tar.gz	7f6cd1bee91f3c08149013b3d0d5ff46290fbed17b13a584fe8625d7553f603d	https://apollo-system.cdn.bcebos.com/archive/6.0/fast-rtps-1.5.0-1.prebuilt.x86_64.tar.gz
apollo thirdparty fast-rtps-1.5.0-1.prebuilt.x86_64.tar.gz	7f6cd1bee91f3c08149013b3d0d5ff46290fbed17b13a584fe8625d7553f603d	https://apollo-system.cdn.bcebos.com/archive/6.0/fast-rtps-1.5.0-1.prebuilt.x86_64.tar.gz
apollo thirdparty fast-rtps-1.5.0-1.prebuilt.x86_64.tar.gz	7f6cd1bee91f3c08149013b3d0d5ff46290fbed17b13a584fe8625d7553f603d	https://apollo-system.cdn.bcebos.com/archive/6.0/fast-rtps-1.5.0-1.prebuilt.x86_64.tar.gz
apollo thirdparty fast-rtps-1.5.0-1.prebuilt.x86_64.tar.gz	7f6cd1bee91f3c08149013b3d0d5ff46290fbed17b13a584fe8625d7553f603d	https://apollo-system.cdn.bcebos.com/archive/6.0/fast-rtps-1.5.0-1.prebuilt.x86_64.tar.gz
apollo thirdparty fast-rtps-1.5.0-1.prebuilt.x86_64.tar.gz	7f6cd1bee91f3c08149013b3d0d5ff46290fbed17b13a584fe8625d7553f603d	https://apollo-system.cdn.bcebos.com/archive/6.0/fast-rtps-1.5.0-1.prebuilt.x86_64.tar.gz
apollo thirdparty fast-rtps-1.5.0-1.prebuilt.x86_64.tar.gz	7f6cd1bee91f3c08149013b3d0d5ff46290fbed17b13a584fe8625d7553f603d	https://apollo-system.cdn.bcebos.com/archive/6.0/fast-rtps-1.5.0-1.prebuilt.x86_64.tar.gz
apollo thirdparty fast-rtps-1.5.0-1.prebuilt.x86_64.tar.gz	7f6cd1bee91f3c08149013b3d0d5ff46290fbed17b13a584fe8625d7553f603d	https://apollo-system.cdn.bcebos.com/archive/6.0/fast-rtps-1.5.0-1.prebuilt.x86_64.tar.gz
apollo thirdparty fast-rtps-1.5.0-1.prebuilt.x86_64.tar.gz	7f6cd1bee91f3c08149013b3d0d5ff46290fbed17b13a584fe8625d7553f603d	https://apollo-system.cdn.bcebos.com/archive/6.0/fast-rtps-1.5.0-1.prebuilt.x86_64.tar.gz
apollo thirdparty fast-rtps-1.5.0-1.prebuilt.x86_64.tar.gz	7f6cd1bee91f3c08149013b3d0d5ff46290fbed17b13a584fe8625d7553f603d	https://apollo-system.cdn.bcebos.com/archive/6.0/fast-rtps-1.5.0-1.prebuilt.x86_64.tar.gz
apollo thirdparty fast-rtps-1.5.0-1.prebuilt.x86_64.tar.gz	7f6cd1bee91f3c08149013b3d0d5ff46290fbed17b13a584fe8625d7553f603d	https://apollo-system.cdn.bcebos.com/archive/6.0/fast-rtps-1.5.0-1.prebuilt.x86_64.tar.gz
apollo thirdparty fast-rtps-1.5.0-1.prebuilt.x86_64.tar.gz	7f6cd1bee91f3c08149013b3d0d5ff46290fbed17b13a584fe8625d7553f603d	https://apollo-system.cdn.bcebos.com/archive/6.0/fast-rtps-1.5.0-1.prebuilt.x86_64.tar.gz
apollo thirdparty fast-rtps-1.5.0-1.prebuilt.x86_64.tar.gz	7f6cd1bee91f3c08149013b3d0d5ff46290fbed17b13a584fe8625d7553f603d	https://apollo-system.cdn.bcebos.com/archive/6.0/fast-rtps-1.5.0-1.prebuilt.x86_64.tar.gz
apollo thirdparty fast-rtps-1.5.0-1.prebuilt.x86_64.tar.gz	7f6cd1bee91f3c08149013b3d0d5ff46290fbed17b13a584fe8625d7553f603d	https://apollo-system.cdn.bcebos.com/archive/6.0/fast-rtps-1.5.0-1.prebuilt.x86_64.tar.gz
apollo thirdparty fast-rtps-1.5.0-1.prebuilt.x86_64.tar.gz	7f6cd1bee91f3c08149013b3d0d5ff46290fbed17b13a584fe8625d7553f603d	https://apollo-system.cdn.bcebos.com/archive/6.0/fast-rtps-1.5.0-1.prebuilt.x86_64.tar.gz
apollo thirdparty fast-rtps-1.5.0-1.prebuilt.x86_64.tar.gz	7f6cd1bee91f3c08149013b3d0d5ff46290fbed17b13a584fe8625d7553f603d	https://apollo-system.cdn.bcebos.com/archive/6.0/fast-rtps-1.5.0-1.prebuilt.x86_64.tar.gz
apollo thirdparty fast-rtps-1.5.0-1.prebuilt.x86_64.tar.gz	7f6cd1bee91f3c08149013b3d0d5ff46290fbed17b13a584fe8625d7553f603d	https://apollo-system.cdn.bcebos.com/archive/6.0/fast-rtps-1.5.0-1.prebuilt.x86_64.tar.gz
apollo thirdparty fast-rtps-1.5.0-1.prebuilt.x86_64.tar.gz	7f6cd1bee91f3c08149013b3d0d5ff46290fbed17b13a584fe8625d7553f603d	https://apollo-system.cdn.bcebos.com/archive/6.0/fast-rtps-1.5.0-1.prebuilt.x86_64.tar.gz
apollo thirdparty fast-rtps-1.5.0-1.prebuilt.x86_64.tar.gz	7f6cd1bee91f3c08149013b3d0d5ff46290fbed17b13a584fe8625d7553f603d	https://apollo-system.cdn.bcebos.com/archive/6.0/fast-rtps-1.5.0-1.prebuilt.x86_64.tar.gz
apollo thirdparty fast-rtps-1.5.0-1.prebuilt.x86_64.tar.gz	7f6cd1bee91f3c08149013b3d0d5ff46290fbed17b13a584fe8625d7553f603d	https://apollo-system.cdn.bcebos.com/archive/6.0/fast-rtps-1.5.0-1.prebuilt.x86_64.tar.gz
apollo thirdparty fast-rtps-1.5.0-1.prebuilt.x86_64.tar.gz	7f6cd1bee91f3c08149013b3d0d5ff46290fbed17b13a584fe8625d7553f603d	https://apollo-system.cdn.bcebos.com/archive/6.0/fast-rtps-1.5.0-1.prebuilt.x86_64.tar.gz
apollo thirdparty boost_1_74_0.tar.bz2	83bfc1507731a0906e387fc28b7ef5417d591429e51e788417fe9ff025e116b1	https://dl.bintray.com/boostorg/release/1.74.0/source/boost_1_74_0.tar.bz2
apollo thirdparty boost_1_74_0.tar.bz2	83bfc1507731a0906e387fc28b7ef5417d591429e51e788417fe9ff025e116b1	https://dl.bintray.com/boostorg/release/1.74.0/source/boost_1_74_0.tar.bz2
apollo thirdparty boost_1_74_0.tar.bz2	83bfc1507731a0906e387fc28b7ef5417d591429e51e788417fe9ff025e116b1	https://dl.bintray.com/boostorg/release/1.74.0/source/boost_1_74_0.tar.bz2
apollo thirdparty boost_1_74_0.tar.bz2	83bfc1507731a0906e387fc28b7ef5417d591429e51e788417fe9ff025e116b1	https://dl.bintray.com/boostorg/release/1.74.0/source/boost_1_74_0.tar.bz2
apollo thirdparty boost_1_74_0.tar.bz2	83bfc1507731a0906e387fc28b7ef5417d591429e51e788417fe9ff025e116b1	https://dl.bintray.com/boostorg/release/1.74.0/source/boost_1_74_0.tar.bz2
apollo thirdparty boost_1_74_0.tar.bz2	83bfc1507731a0906e387fc28b7ef5417d591429e51e788417fe9ff025e116b1	https://dl.bintray.com/boostorg/release/1.74.0/source/boost_1_74_0.tar.bz2
apollo thirdparty boost_1_74_0.tar.bz2	83bfc1507731a0906e387fc28b7ef5417d591429e51e788417fe9ff025e116b1	https://dl.bintray.com/boostorg/release/1.74.0/source/boost_1_74_0.tar.bz2
apollo thirdparty boost_1_74_0.tar.bz2	83bfc1507731a0906e387fc28b7ef5417d591429e51e788417fe9ff025e116b1	https://dl.bintray.com/boostorg/release/1.74.0/source/boost_1_74_0.tar.bz2
apollo thirdparty boost_1_74_0.tar.bz2	83bfc1507731a0906e387fc28b7ef5417d591429e51e788417fe9ff025e116b1	https://dl.bintray.com/boostorg/release/1.74.0/source/boost_1_74_0.tar.bz2
apollo thirdparty boost_1_74_0.tar.bz2	83bfc1507731a0906e387fc28b7ef5417d591429e51e788417fe9ff025e116b1	https://dl.bintray.com/boostorg/release/1.74.0/source/boost_1_74_0.tar.bz2
apollo thirdparty boost_1_74_0.tar.bz2	83bfc1507731a0906e387fc28b7ef5417d591429e51e788417fe9ff025e116b1	https://dl.bintray.com/boostorg/release/1.74.0/source/boost_1_74_0.tar.bz2
apollo thirdparty boost_1_74_0.tar.bz2	83bfc1507731a0906e387fc28b7ef5417d591429e51e788417fe9ff025e116b1	https://dl.bintray.com/boostorg/release/1.74.0/source/boost_1_74_0.tar.bz2
apollo thirdparty boost_1_74_0.tar.bz2	83bfc1507731a0906e387fc28b7ef5417d591429e51e788417fe9ff025e116b1	https://dl.bintray.com/boostorg/release/1.74.0/source/boost_1_74_0.tar.bz2
apollo thirdparty boost_1_74_0.tar.bz2	83bfc1507731a0906e387fc28b7ef5417d591429e51e788417fe9ff025e116b1	https://sourceforge.net/projects/boost/files/boost/1.74.0/boost_1_74_0.tar.bz2/download
apollo thirdparty boost_1_74_0.tar.bz2	83bfc1507731a0906e387fc28b7ef5417d591429e51e788417fe9ff025e116b1	https://sourceforge.net/projects/boost/files/boost/1.74.0/boost_1_74_0.tar.bz2/download
apollo thirdparty boost_1_74_0.tar.bz2	83bfc1507731a0906e387fc28b7ef5417d591429e51e788417fe9ff025e116b1	https://sourceforge.net/projects/boost/files/boost/1.74.0/boost_1_74_0.tar.bz2/download
apollo thirdparty boost_1_74_0.tar.bz2	83bfc1507731a0906e387fc28b7ef5417d591429e51e788417fe9ff025e116b1	https://sourceforge.net/projects/boost/files/boost/1.74.0/boost_1_74_0.tar.bz2/download
apollo thirdparty boost_1_74_0.tar.bz2	83bfc1507731a0906e387fc28b7ef5417d591429e51e788417fe9ff025e116b1	https://sourceforge.net/projects/boost/files/boost/1.74.0/boost_1_74_0.tar.bz2/download
apollo thirdparty boost_1_74_0.tar.bz2	83bfc1507731a0906e387fc28b7ef5417d591429e51e788417fe9ff025e116b1	https://sourceforge.net/projects/boost/files/boost/1.74.0/boost_1_74_0.tar.bz2/download
apollo thirdparty boost_1_74_0.tar.bz2	83bfc1507731a0906e387fc28b7ef5417d591429e51e788417fe9ff025e116b1	https://sourceforge.net/projects/boost/files/boost/1.74.0/boost_1_74_0.tar.bz2/download
apollo thirdparty protobuf-3.14.0.tar.gz	d0f5f605d0d656007ce6c8b5a82df3037e1d8fe8b121ed42e536f569dec16113	https://github.com/protocolbuffers/protobuf/archive/v3.14.0.tar.gz
apollo thirdparty protobuf-3.14.0.tar.gz	d0f5f605d0d656007ce6c8b5a82df3037e1d8fe8b121ed42e536f569dec16113	https://github.com/protocolbuffers/protobuf/archive/v3.14.0.tar.gz
apollo thirdparty protobuf-3.14.0.tar.gz	d0f5f605d0d656007ce6c8b5a82df3037e1d8fe8b121ed42e536f569dec16113	https://github.com/protocolbuffers/protobuf/archive/v3.14.0.tar.gz
apollo thirdparty protobuf-3.14.0.tar.gz	d0f5f605d0d656007ce6c8b5a82df3037e1d8fe8b121ed42e536f569dec16113	https://github.com/protocolbuffers/protobuf/archive/v3.14.0.tar.gz
apollo thirdparty protobuf-3.14.0.tar.gz	d0f5f605d0d656007ce6c8b5a82df3037e1d8fe8b121ed42e536f569dec16113	https://github.com/protocolbuffers/protobuf/archive/v3.14.0.tar.gz
apollo thirdparty protobuf-3.14.0.tar.gz	d0f5f605d0d656007ce6c8b5a82df3037e1d8fe8b121ed42e536f569dec16113	https://github.com/protocolbuffers/protobuf/archive/v3.14.0.tar.gz
apollo thirdparty protobuf-3.14.0.tar.gz	d0f5f605d0d656007ce6c8b5a82df3037e1d8fe8b121ed42e536f569dec16113	https://github.com/protocolbuffers/protobuf/archive/v3.14.0.tar.gz
apollo thirdparty opencv-4.4.0.tar.gz	bb95acd849e458be7f7024d17968568d1ccd2f0681d47fd60d34ffb4b8c52563	https://github.com/opencv/opencv/archive/4.4.0.tar.gz
apollo thirdparty opencv-4.4.0.tar.gz	bb95acd849e458be7f7024d17968568d1ccd2f0681d47fd60d34ffb4b8c52563	https://github.com/opencv/opencv/archive/4.4.0.tar.gz
apollo thirdparty opencv-4.4.0.tar.gz	bb95acd849e458be7f7024d17968568d1ccd2f0681d47fd60d34ffb4b8c52563	https://github.com/opencv/opencv/archive/4.4.0.tar.gz
apollo thirdparty opencv-4.4.0.tar.gz	bb95acd849e458be7f7024d17968568d1ccd2f0681d47fd60d34ffb4b8c52563	https://github.com/opencv/opencv/archive/4.4.0.tar.gz
apollo thirdparty opencv-4.4.0.tar.gz	bb95acd849e458be7f7024d17968568d1ccd2f0681d47fd60d34ffb4b8c52563	https://github.com/opencv/opencv/archive/4.4.0.tar.gz
apollo thirdparty opencv-4.4.0.tar.gz	bb95acd849e458be7f7024d17968568d1ccd2f0681d47fd60d34ffb4b8c52563	https://github.com/opencv/opencv/archive/4.4.0.tar.gz
apollo thirdparty opencv-4.4.0.tar.gz	bb95acd849e458be7f7024d17968568d1ccd2f0681d47fd60d34ffb4b8c52563	https://github.com/opencv/opencv/archive/4.4.0.tar.gz
apollo thirdparty opencv-4.4.0.tar.gz	bb95acd849e458be7f7024d17968568d1ccd2f0681d47fd60d34ffb4b8c52563	https://github.com/opencv/opencv/archive/4.4.0.tar.gz
apollo thirdparty opencv-4.4.0.tar.gz	bb95acd849e458be7f7024d17968568d1ccd2f0681d47fd60d34ffb4b8c52563	https://github.com/opencv/opencv/archive/4.4.0.tar.gz
apollo thirdparty opencv-4.4.0.tar.gz	bb95acd849e458be7f7024d17968568d1ccd2f0681d47fd60d34ffb4b8c52563	https://github.com/opencv/opencv/archive/4.4.0.tar.gz
apollo thirdparty face_landmark_model.dat	eeab592db2861a6c94d592a48456cf59945d31483ce94a6bc4d3a4e318049ba3	https://raw.githubusercontent.com/opencv/opencv_3rdparty/8afa57abc8229d611c4937165d20e2a2d9fc5a12/face_landmark_model.dat
apollo thirdparty face_landmark_model.dat	eeab592db2861a6c94d592a48456cf59945d31483ce94a6bc4d3a4e318049ba3	https://raw.githubusercontent.com/opencv/opencv_3rdparty/8afa57abc8229d611c4937165d20e2a2d9fc5a12/face_landmark_model.dat
apollo thirdparty face_landmark_model.dat	eeab592db2861a6c94d592a48456cf59945d31483ce94a6bc4d3a4e318049ba3	https://raw.githubusercontent.com/opencv/opencv_3rdparty/8afa57abc8229d611c4937165d20e2a2d9fc5a12/face_landmark_model.dat
apollo thirdparty face_landmark_model.dat	eeab592db2861a6c94d592a48456cf59945d31483ce94a6bc4d3a4e318049ba3	https://raw.githubusercontent.com/opencv/opencv_3rdparty/8afa57abc8229d611c4937165d20e2a2d9fc5a12/face_landmark_model.dat
apollo thirdparty face_landmark_model.dat	eeab592db2861a6c94d592a48456cf59945d31483ce94a6bc4d3a4e318049ba3	https://raw.githubusercontent.com/opencv/opencv_3rdparty/8afa57abc8229d611c4937165d20e2a2d9fc5a12/face_landmark_model.dat
apollo thirdparty face_landmark_model.dat	eeab592db2861a6c94d592a48456cf59945d31483ce94a6bc4d3a4e318049ba3	https://raw.githubusercontent.com/opencv/opencv_3rdparty/8afa57abc8229d611c4937165d20e2a2d9fc5a12/face_landmark_model.dat
apollo thirdparty face_landmark_model.dat	eeab592db2861a6c94d592a48456cf59945d31483ce94a6bc4d3a4e318049ba3	https://raw.githubusercontent.com/opencv/opencv_3rdparty/8afa57abc8229d611c4937165d20e2a2d9fc5a12/face_landmark_model.dat
apollo thirdparty face_landmark_model.dat	eeab592db2861a6c94d592a48456cf59945d31483ce94a6bc4d3a4e318049ba3	https://raw.githubusercontent.com/opencv/opencv_3rdparty/8afa57abc8229d611c4937165d20e2a2d9fc5a12/face_landmark_model.dat
apollo thirdparty face_landmark_model.dat	eeab592db2861a6c94d592a48456cf59945d31483ce94a6bc4d3a4e318049ba3	https://raw.githubusercontent.com/opencv/opencv_3rdparty/8afa57abc8229d611c4937165d20e2a2d9fc5a12/face_landmark_model.dat
apollo thirdparty face_landmark_model.dat	eeab592db2861a6c94d592a48456cf59945d31483ce94a6bc4d3a4e318049ba3	https://raw.githubusercontent.com/opencv/opencv_3rdparty/8afa57abc8229d611c4937165d20e2a2d9fc5a12/face_landmark_model.dat
apollo thirdparty face_landmark_model.dat	eeab592db2861a6c94d592a48456cf59945d31483ce94a6bc4d3a4e318049ba3	https://raw.githubusercontent.com/opencv/opencv_3rdparty/8afa57abc8229d611c4937165d20e2a2d9fc5a12/face_landmark_model.dat
apollo thirdparty face_landmark_model.dat	eeab592db2861a6c94d592a48456cf59945d31483ce94a6bc4d3a4e318049ba3	https://raw.githubusercontent.com/opencv/opencv_3rdparty/8afa57abc8229d611c4937165d20e2a2d9fc5a12/face_landmark_model.dat
apollo thirdparty face_landmark_model.dat	eeab592db2861a6c94d592a48456cf59945d31483ce94a6bc4d3a4e318049ba3	https://raw.githubusercontent.com/opencv/opencv_3rdparty/8afa57abc8229d611c4937165d20e2a2d9fc5a12/face_landmark_model.dat
apollo thirdparty face_landmark_model.dat	eeab592db2861a6c94d592a48456cf59945d31483ce94a6bc4d3a4e318049ba3	https://raw.githubusercontent.com/opencv/opencv_3rdparty/8afa57abc8229d611c4937165d20e2a2d9fc5a12/face_landmark_model.dat
apollo thirdparty face_landmark_model.dat	eeab592db2861a6c94d592a48456cf59945d31483ce94a6bc4d3a4e318049ba3	https://raw.githubusercontent.com/opencv/opencv_3rdparty/8afa57abc8229d611c4937165d20e2a2d9fc5a12/face_landmark_model.dat
apollo thirdparty face_landmark_model.dat	eeab592db2861a6c94d592a48456cf59945d31483ce94a6bc4d3a4e318049ba3	https://raw.githubusercontent.com/opencv/opencv_3rdparty/8afa57abc8229d611c4937165d20e2a2d9fc5a12/face_landmark_model.dat
apollo thirdparty protobuf-3.14.0.tar.gz	d0f5f605d0d656007ce6c8b5a82df3037e1d8fe8b121ed42e536f569dec16113	https://github.com/protocolbuffers/protobuf/archive/v3.14.0.tar.gz
apollo thirdparty protobuf-3.14.0.tar.gz	d0f5f605d0d656007ce6c8b5a82df3037e1d8fe8b121ed42e536f569dec16113	https://github.com/protocolbuffers/protobuf/archive/v3.14.0.tar.gz
apollo thirdparty protobuf-3.14.0.tar.gz	d0f5f605d0d656007ce6c8b5a82df3037e1d8fe8b121ed42e536f569dec16113	https://github.com/protocolbuffers/protobuf/archive/v3.14.0.tar.gz
apollo thirdparty protobuf-3.14.0.tar.gz	d0f5f605d0d656007ce6c8b5a82df3037e1d8fe8b121ed42e536f569dec16113	https://github.com/protocolbuffers/protobuf/archive/v3.14.0.tar.gz
apollo thirdparty protobuf-3.14.0.tar.gz	d0f5f605d0d656007ce6c8b5a82df3037e1d8fe8b121ed42e536f569dec16113	https://github.com/protocolbuffers/protobuf/archive/v3.14.0.tar.gz
apollo thirdparty protobuf-3.14.0.tar.gz	d0f5f605d0d656007ce6c8b5a82df3037e1d8fe8b121ed42e536f569dec16113	https://github.com/protocolbuffers/protobuf/archive/v3.14.0.tar.gz
apollo thirdparty protobuf-3.14.0.tar.gz	d0f5f605d0d656007ce6c8b5a82df3037e1d8fe8b121ed42e536f569dec16113	https://github.com/protocolbuffers/protobuf/archive/v3.14.0.tar.gz
apollo thirdparty protobuf-3.14.0.tar.gz	d0f5f605d0d656007ce6c8b5a82df3037e1d8fe8b121ed42e536f569dec16113	https://github.com/protocolbuffers/protobuf/archive/v3.14.0.tar.gz
apollo thirdparty protobuf-3.14.0.tar.gz	d0f5f605d0d656007ce6c8b5a82df3037e1d8fe8b121ed42e536f569dec16113	https://github.com/protocolbuffers/protobuf/archive/v3.14.0.tar.gz
apollo thirdparty protobuf-3.14.0.tar.gz	d0f5f605d0d656007ce6c8b5a82df3037e1d8fe8b121ed42e536f569dec16113	https://github.com/protocolbuffers/protobuf/archive/v3.14.0.tar.gz
apollo thirdparty protobuf-3.14.0.tar.gz	d0f5f605d0d656007ce6c8b5a82df3037e1d8fe8b121ed42e536f569dec16113	https://github.com/protocolbuffers/protobuf/archive/v3.14.0.tar.gz
apollo thirdparty fast-rtps-1.5.0-1.prebuilt.x86_64.tar.gz	7f6cd1bee91f3c08149013b3d0d5ff46290fbed17b13a584fe8625d7553f603d	https://apollo-system.cdn.bcebos.com/archive/6.0/fast-rtps-1.5.0-1.prebuilt.x86_64.tar.gz
apollo thirdparty fast-rtps-1.5.0-1.prebuilt.x86_64.tar.gz	7f6cd1bee91f3c08149013b3d0d5ff46290fbed17b13a584fe8625d7553f603d	https://apollo-system.cdn.bcebos.com/archive/6.0/fast-rtps-1.5.0-1.prebuilt.x86_64.tar.gz
apollo thirdparty fast-rtps-1.5.0-1.prebuilt.x86_64.tar.gz	7f6cd1bee91f3c08149013b3d0d5ff46290fbed17b13a584fe8625d7553f603d	https://apollo-system.cdn.bcebos.com/archive/6.0/fast-rtps-1.5.0-1.prebuilt.x86_64.tar.gz
apollo thirdparty fast-rtps-1.5.0-1.prebuilt.x86_64.tar.gz	7f6cd1bee91f3c08149013b3d0d5ff46290fbed17b13a584fe8625d7553f603d	https://apollo-system.cdn.bcebos.com/archive/6.0/fast-rtps-1.5.0-1.prebuilt.x86_64.tar.gz
apollo thirdparty gflags-2.2.2.tar.gz	34af2f15cf7367513b352bdcd2493ab14ce43692d2dcd9dfc499492966c64dcf	https://github.com/gflags/gflags/archive/v2.2.2.tar.gz
apollo thirdparty gflags-2.2.2.tar.gz	34af2f15cf7367513b352bdcd2493ab14ce43692d2dcd9dfc499492966c64dcf	https://github.com/gflags/gflags/archive/v2.2.2.tar.gz
apollo thirdparty gflags-2.2.2.tar.gz	34af2f15cf7367513b352bdcd2493ab14ce43692d2dcd9dfc499492966c64dcf	https://github.com/gflags/gflags/archive/v2.2.2.tar.gz
apollo thirdparty glog-0.4.0.tar.gz	f28359aeba12f30d73d9e4711ef356dc842886968112162bc73002645139c39c	https://github.com/google/glog/archive/v0.4.0.tar.gz
apollo thirdparty gflags-2.2.2.tar.gz	34af2f15cf7367513b352bdcd2493ab14ce43692d2dcd9dfc499492966c64dcf	https://github.com/gflags/gflags/archive/v2.2.2.tar.gz
apollo thirdparty gflags-2.2.2.tar.gz	34af2f15cf7367513b352bdcd2493ab14ce43692d2dcd9dfc499492966c64dcf	https://github.com/gflags/gflags/archive/v2.2.2.tar.gz
apollo thirdparty protobuf-3.14.0.tar.gz	d0f5f605d0d656007ce6c8b5a82df3037e1d8fe8b121ed42e536f569dec16113	https://github.com/protocolbuffers/protobuf/archive/v3.14.0.tar.gz
apollo thirdparty protobuf-3.14.0.tar.gz	d0f5f605d0d656007ce6c8b5a82df3037e1d8fe8b121ed42e536f569dec16113	https://github.com/protocolbuffers/protobuf/archive/v3.14.0.tar.gz
apollo thirdparty protobuf-3.14.0.tar.gz	d0f5f605d0d656007ce6c8b5a82df3037e1d8fe8b121ed42e536f569dec16113	https://github.com/protocolbuffers/protobuf/archive/v3.14.0.tar.gz
